<!DOCTYPE html PUBLIC "-//W3C//DTD XHTML 1.1//EN" "https://www.w3.org/TR/xhtml11/DTD/xhtml11.dtd">
<html xmlns="https://www.w3.org/1999/xhtml">
<head>
<meta http-equiv="content-type" content="text/html; charset=UTF-8"/>
<title>TestNG Report</title>
<style type="text/css">table {margin-bottom:10px;border-collapse:collapse;empty-cells:show}th,td {border:1px solid #009;padding:.25em .5em}th {vertical-align:bottom}td {vertical-align:top}table a {font-weight:bold}.stripe td {background-color: #E6EBF9}.num {text-align:right}.passedodd td {background-color: #3F3}.passedeven td {background-color: #0A0}.skippedodd td {background-color: #DDD}.skippedeven td {background-color: #CCC}.failedodd td,.attn {background-color: #F33}.failedeven td,.stripe .attn {background-color: #D00}.stacktrace {white-space:pre;font-family:monospace}.totop {font-size:85%;text-align:center;border-bottom:2px solid #000}.invisible {display:none}</style>
</head>
<body>
<table>
<tr><th>Test</th><th># Passed</th><th># Skipped</th><th># Retried</th><th># Failed</th><th>Time (ms)</th><th>Included Groups</th><th>Excluded Groups</th></tr>
<tr><th colspan="8">Suite</th></tr>
<tr><td><a href="#t0">Test</a></td><td class="num">17</td><td class="num attn">4</td><td class="num">0</td><td class="num attn">4</td><td class="num">114,694</td><td></td><td></td></tr>
</table>
<table id='summary'><thead><tr><th>Class</th><th>Method</th><th>Start</th><th>Time (ms)</th></tr></thead><tbody><tr><th colspan="4">Suite</th></tr></tbody><tbody id="t0"><tr><th colspan="4">Test &#8212; failed (configuration methods)</th></tr><tr class="failedeven"><td rowspan="1">Campaing.CreateCapaign</td><td><a href="#m0">bc</a></td><td rowspan="1">1734071946676</td><td rowspan="1">-1734071946676</td></tr><tr><th colspan="4">Test &#8212; failed</th></tr><tr class="failedeven"><td rowspan="1">DDT.FetchingDataFromPropertiesFile1</td><td><a href="#m1">FetchingData</a></td><td rowspan="1">1734071832353</td><td rowspan="1">17635</td></tr><tr class="failedodd"><td rowspan="2">TestNG.DataProviderEx2</td><td><a href="#m2">createOrganization</a></td><td rowspan="2">1734071852844</td><td rowspan="2">14745</td></tr><tr class="failedodd"><td><a href="#m3">createOrganization</a></td></tr><tr class="failedeven"><td rowspan="1">TestNG.Sample3</td><td><a href="#m4">createContact</a></td><td rowspan="1">1734071946660</td><td rowspan="1">1</td></tr><tr><th colspan="4">Test &#8212; skipped (configuration methods)</th></tr><tr class="skippedeven"><td rowspan="3">Campaing.CreateCapaign</td><td><a href="#m5">ac</a></td><td rowspan="1">1734071946730</td><td rowspan="1">-1734071946730</td></tr><tr class="skippedeven"><td><a href="#m6">am</a></td><td rowspan="1">1734071946726</td><td rowspan="1">-1734071946726</td></tr><tr class="skippedeven"><td><a href="#m7">bm</a></td><td rowspan="1">1734071946714</td><td rowspan="1">-1734071946714</td></tr><tr><th colspan="4">Test &#8212; skipped</th></tr><tr class="skippedeven"><td rowspan="1">Campaing.CreateCapaign</td><td><a href="#m8">createCampaignTest</a></td><td rowspan="1">1734071946720</td><td rowspan="1">0</td></tr><tr class="skippedodd"><td rowspan="1">TestNG.DataProviderEx3</td><td><a href="#m9">createOrganization</a></td><td rowspan="1">1734071852801</td><td rowspan="1">0</td></tr><tr class="skippedeven"><td rowspan="2">TestNG.Sample3</td><td><a href="#m10">deleteContact</a></td><td rowspan="1">1734071946665</td><td rowspan="1">0</td></tr><tr class="skippedeven"><td><a href="#m11">modifyContact</a></td><td rowspan="1">1734071946671</td><td rowspan="1">0</td></tr><tr><th colspan="4">Test &#8212; passed</th></tr><tr class="passedeven"><td rowspan="1">DDT.FetchingDataFromPropertiesFile</td><td><a href="#m12">Debanjan</a></td><td rowspan="1">1734071832321</td><td rowspan="1">3</td></tr><tr class="passedodd"><td rowspan="1">DDT.InsertDataIntoPropertiesFile</td><td><a href="#m13">InsertData</a></td><td rowspan="1">1734071850042</td><td rowspan="1">94</td></tr><tr class="passedeven"><td rowspan="1">DDT.ReadingDataFromPropertiesFile</td><td><a href="#m14">ReadingData</a></td><td rowspan="1">1734071946735</td><td rowspan="1">67</td></tr><tr class="passedodd"><td rowspan="3">TestNG.DataProviderEx1</td><td><a href="#m15">bookTickets</a></td><td rowspan="3">1734071946638</td><td rowspan="3">7</td></tr><tr class="passedodd"><td><a href="#m16">bookTickets</a></td></tr><tr class="passedodd"><td><a href="#m17">bookTickets</a></td></tr><tr class="passedeven"><td rowspan="1">TestNG.DataProviderEx2</td><td><a href="#m18">createOrganization</a></td><td rowspan="1">1734071867627</td><td rowspan="1">73462</td></tr><tr class="passedodd"><td rowspan="3">TestNG.Sample1</td><td><a href="#m19">createContact</a></td><td rowspan="1">1734071832334</td><td rowspan="1">4</td></tr><tr class="passedodd"><td><a href="#m20">deleteContact</a></td><td rowspan="1">1734071832342</td><td rowspan="1">7</td></tr><tr class="passedodd"><td><a href="#m21">modifyContact</a></td><td rowspan="1">1734071832327</td><td rowspan="1">3</td></tr><tr class="passedeven"><td rowspan="4">TestNG.Sample2</td><td><a href="#m22">createContact</a></td><td rowspan="1">1734071832229</td><td rowspan="1">15</td></tr><tr class="passedeven"><td><a href="#m23">deleteContact</a></td><td rowspan="2">1734071832269</td><td rowspan="2">4</td></tr><tr class="passedeven"><td><a href="#m24">deleteContact</a></td></tr><tr class="passedeven"><td><a href="#m25">modifyContact</a></td><td rowspan="1">1734071832300</td><td rowspan="1">3</td></tr><tr class="passedodd"><td rowspan="3">TestNG.Sample4</td><td><a href="#m26">createContact</a></td><td rowspan="1">1734071852808</td><td rowspan="1">2</td></tr><tr class="passedodd"><td><a href="#m27">deleteContact</a></td><td rowspan="1">1734071852817</td><td rowspan="1">2</td></tr><tr class="passedodd"><td><a href="#m28">modifyContact</a></td><td rowspan="1">1734071852824</td><td rowspan="1">4</td></tr></tbody>
</table>
<h2>Test</h2><h3 id="m0">Campaing.CreateCapaign#bc</h3><table class="result"><tr><th>Exception</th></tr><tr><td><div class="stacktrace">org.testng.TestNGException: 
Parameter &apos;BROWSER&apos; is required by BeforeClass on method bc but has not been marked @Optional or defined
in C:\Users\LENOVO\eclipse-workspace\AdvanceSeleniumAutomationFrameworkDesign11AM\BatchExecutiontestng.xml
	at java.base/java.util.ArrayList.forEach(ArrayList.java:1511)
... Removed 22 stack frames</div></td></tr></table><p class="totop"><a href="#summary">back to summary</a></p>
<h3 id="m1">DDT.FetchingDataFromPropertiesFile1#FetchingData</h3><table class="result"><tr><th>Exception</th></tr><tr><td><div class="stacktrace">org.openqa.selenium.NoSuchWindowException: no such window: target window already closed
from unknown error: web view not found
  (Session info: chrome=127.0.6533.100)
Build info: version: &apos;4.18.1&apos;, revision: &apos;b1d3319b48&apos;
System info: os.name: &apos;Windows 10&apos;, os.arch: &apos;amd64&apos;, os.version: &apos;10.0&apos;, java.version: &apos;17.0.10&apos;
Driver info: org.openqa.selenium.chrome.ChromeDriver
Command: [4df0d64a91b23904628ea913c6515d8c, findElement {using=name, value=user_name}]
Capabilities {acceptInsecureCerts: false, browserName: chrome, browserVersion: 127.0.6533.100, chrome: {chromedriverVersion: 127.0.6533.119 (bdef6783a05..., userDataDir: C:\Users\LENOVO\AppData\Loc...}, fedcm:accounts: true, goog:chromeOptions: {debuggerAddress: localhost:54226}, networkConnectionEnabled: false, pageLoadStrategy: normal, platformName: windows, proxy: Proxy(), se:cdp: ws://localhost:54226/devtoo..., se:cdpVersion: 127.0.6533.100, setWindowRect: true, strictFileInteractability: false, timeouts: {implicit: 0, pageLoad: 300000, script: 30000}, unhandledPromptBehavior: dismiss and notify, webauthn:extension:credBlob: true, webauthn:extension:largeBlob: true, webauthn:extension:minPinLength: true, webauthn:extension:prf: true, webauthn:virtualAuthenticators: true}
Session ID: 4df0d64a91b23904628ea913c6515d8c
	at org.openqa.selenium.remote.ErrorCodec.decode(ErrorCodec.java:167)
	at org.openqa.selenium.remote.codec.w3c.W3CHttpResponseCodec.decode(W3CHttpResponseCodec.java:138)
	at org.openqa.selenium.remote.codec.w3c.W3CHttpResponseCodec.decode(W3CHttpResponseCodec.java:50)
	at org.openqa.selenium.remote.HttpCommandExecutor.execute(HttpCommandExecutor.java:190)
	at org.openqa.selenium.remote.service.DriverCommandExecutor.invokeExecute(DriverCommandExecutor.java:216)
	at org.openqa.selenium.remote.service.DriverCommandExecutor.execute(DriverCommandExecutor.java:174)
	at org.openqa.selenium.remote.RemoteWebDriver.execute(RemoteWebDriver.java:519)
	at org.openqa.selenium.remote.ElementLocation$ElementFinder$2.findElement(ElementLocation.java:165)
	at org.openqa.selenium.remote.ElementLocation.findElement(ElementLocation.java:66)
	at org.openqa.selenium.remote.RemoteWebDriver.findElement(RemoteWebDriver.java:356)
	at org.openqa.selenium.remote.RemoteWebDriver.findElement(RemoteWebDriver.java:350)
	at DDT.FetchingDataFromPropertiesFile1.FetchingData(FetchingDataFromPropertiesFile1.java:46)
	at java.base/java.util.ArrayList.forEach(ArrayList.java:1511)
... Removed 32 stack frames</div></td></tr></table><p class="totop"><a href="#summary">back to summary</a></p>
<h3 id="m2">TestNG.DataProviderEx2#createOrganization</h3><table class="result"><tr class="param"><th>Parameter #1</th><th>Parameter #2</th><th>Parameter #3</th></tr><tr class="param stripe"><td>AAA129</td><td>986546455</td><td>mailto:hgd@gmail.com</td></tr><tr><th colspan="3">Exception</th></tr><tr><td colspan="3"><div class="stacktrace">org.openqa.selenium.NoSuchWindowException: no such window: target window already closed
from unknown error: web view not found
  (Session info: chrome=127.0.6533.100)
Build info: version: &apos;4.18.1&apos;, revision: &apos;b1d3319b48&apos;
System info: os.name: &apos;Windows 10&apos;, os.arch: &apos;amd64&apos;, os.version: &apos;10.0&apos;, java.version: &apos;17.0.10&apos;
Driver info: org.openqa.selenium.chrome.ChromeDriver
Command: [0cf9f02dc1673da74c8490785ef10134, findElement {using=link text, value=Organizations}]
Capabilities {acceptInsecureCerts: false, browserName: chrome, browserVersion: 127.0.6533.100, chrome: {chromedriverVersion: 127.0.6533.119 (bdef6783a05..., userDataDir: C:\Users\LENOVO\AppData\Loc...}, fedcm:accounts: true, goog:chromeOptions: {debuggerAddress: localhost:54267}, networkConnectionEnabled: false, pageLoadStrategy: normal, platformName: windows, proxy: Proxy(), se:cdp: ws://localhost:54267/devtoo..., se:cdpVersion: 127.0.6533.100, setWindowRect: true, strictFileInteractability: false, timeouts: {implicit: 0, pageLoad: 300000, script: 30000}, unhandledPromptBehavior: dismiss and notify, webauthn:extension:credBlob: true, webauthn:extension:largeBlob: true, webauthn:extension:minPinLength: true, webauthn:extension:prf: true, webauthn:virtualAuthenticators: true}
Session ID: 0cf9f02dc1673da74c8490785ef10134
	at org.openqa.selenium.remote.ErrorCodec.decode(ErrorCodec.java:167)
	at org.openqa.selenium.remote.codec.w3c.W3CHttpResponseCodec.decode(W3CHttpResponseCodec.java:138)
	at org.openqa.selenium.remote.codec.w3c.W3CHttpResponseCodec.decode(W3CHttpResponseCodec.java:50)
	at org.openqa.selenium.remote.HttpCommandExecutor.execute(HttpCommandExecutor.java:190)
	at org.openqa.selenium.remote.service.DriverCommandExecutor.invokeExecute(DriverCommandExecutor.java:216)
	at org.openqa.selenium.remote.service.DriverCommandExecutor.execute(DriverCommandExecutor.java:174)
	at org.openqa.selenium.remote.RemoteWebDriver.execute(RemoteWebDriver.java:519)
	at org.openqa.selenium.remote.ElementLocation$ElementFinder$2.findElement(ElementLocation.java:165)
	at org.openqa.selenium.remote.ElementLocation.findElement(ElementLocation.java:59)
	at org.openqa.selenium.remote.RemoteWebDriver.findElement(RemoteWebDriver.java:356)
	at org.openqa.selenium.remote.RemoteWebDriver.findElement(RemoteWebDriver.java:350)
	at TestNG.DataProviderEx2.createOrganization(DataProviderEx2.java:23)
	at java.base/java.util.ArrayList.forEach(ArrayList.java:1511)
... Removed 32 stack frames</div></td></tr></table><p class="totop"><a href="#summary">back to summary</a></p>
<h3 id="m3">TestNG.DataProviderEx2#createOrganization</h3><table class="result"><tr class="param"><th>Parameter #1</th><th>Parameter #2</th><th>Parameter #3</th></tr><tr class="param stripe"><td>CCC129</td><td>986546455</td><td>mailto:hgd@gmail.com</td></tr><tr><th colspan="3">Exception</th></tr><tr><td colspan="3"><div class="stacktrace">org.openqa.selenium.NoSuchWindowException: no such window: target window already closed
from unknown error: web view not found
  (Session info: chrome=127.0.6533.100)
Build info: version: &apos;4.18.1&apos;, revision: &apos;b1d3319b48&apos;
System info: os.name: &apos;Windows 10&apos;, os.arch: &apos;amd64&apos;, os.version: &apos;10.0&apos;, java.version: &apos;17.0.10&apos;
Driver info: org.openqa.selenium.chrome.ChromeDriver
Command: [c905667b824f7435bcbefbfd0b0f6c75, findElement {using=link text, value=Organizations}]
Capabilities {acceptInsecureCerts: false, browserName: chrome, browserVersion: 127.0.6533.100, chrome: {chromedriverVersion: 127.0.6533.119 (bdef6783a05..., userDataDir: C:\Users\LENOVO\AppData\Loc...}, fedcm:accounts: true, goog:chromeOptions: {debuggerAddress: localhost:54448}, networkConnectionEnabled: false, pageLoadStrategy: normal, platformName: windows, proxy: Proxy(), se:cdp: ws://localhost:54448/devtoo..., se:cdpVersion: 127.0.6533.100, setWindowRect: true, strictFileInteractability: false, timeouts: {implicit: 0, pageLoad: 300000, script: 30000}, unhandledPromptBehavior: dismiss and notify, webauthn:extension:credBlob: true, webauthn:extension:largeBlob: true, webauthn:extension:minPinLength: true, webauthn:extension:prf: true, webauthn:virtualAuthenticators: true}
Session ID: c905667b824f7435bcbefbfd0b0f6c75
	at org.openqa.selenium.remote.ErrorCodec.decode(ErrorCodec.java:167)
	at org.openqa.selenium.remote.codec.w3c.W3CHttpResponseCodec.decode(W3CHttpResponseCodec.java:138)
	at org.openqa.selenium.remote.codec.w3c.W3CHttpResponseCodec.decode(W3CHttpResponseCodec.java:50)
	at org.openqa.selenium.remote.HttpCommandExecutor.execute(HttpCommandExecutor.java:190)
	at org.openqa.selenium.remote.service.DriverCommandExecutor.invokeExecute(DriverCommandExecutor.java:216)
	at org.openqa.selenium.remote.service.DriverCommandExecutor.execute(DriverCommandExecutor.java:174)
	at org.openqa.selenium.remote.RemoteWebDriver.execute(RemoteWebDriver.java:519)
	at org.openqa.selenium.remote.ElementLocation$ElementFinder$2.findElement(ElementLocation.java:165)
	at org.openqa.selenium.remote.ElementLocation.findElement(ElementLocation.java:59)
	at org.openqa.selenium.remote.RemoteWebDriver.findElement(RemoteWebDriver.java:356)
	at org.openqa.selenium.remote.RemoteWebDriver.findElement(RemoteWebDriver.java:350)
	at TestNG.DataProviderEx2.createOrganization(DataProviderEx2.java:23)
	at java.base/java.util.ArrayList.forEach(ArrayList.java:1511)
... Removed 32 stack frames</div></td></tr></table><p class="totop"><a href="#summary">back to summary</a></p>
<h3 id="m4">TestNG.Sample3#createContact</h3><table class="result"><tr><th>Exception</th></tr><tr><td><div class="stacktrace">java.lang.ArrayIndexOutOfBoundsException: Index 5 out of bounds for length 3
	at TestNG.Sample3.createContact(Sample3.java:11)
	at java.base/java.util.ArrayList.forEach(ArrayList.java:1511)
... Removed 27 stack frames</div></td></tr></table><p class="totop"><a href="#summary">back to summary</a></p>
<h3 id="m5">Campaing.CreateCapaign#ac</h3><table class="result"><tr><th class="invisible"/></tr></table><p class="totop"><a href="#summary">back to summary</a></p>
<h3 id="m6">Campaing.CreateCapaign#am</h3><table class="result"><tr><th class="invisible"/></tr></table><p class="totop"><a href="#summary">back to summary</a></p>
<h3 id="m7">Campaing.CreateCapaign#bm</h3><table class="result"><tr><th class="invisible"/></tr></table><p class="totop"><a href="#summary">back to summary</a></p>
<h3 id="m8">Campaing.CreateCapaign#createCampaignTest</h3><table class="result"><tr><th>Exception</th></tr><tr><td><div class="stacktrace">org.testng.TestNGException: 
Parameter &apos;BROWSER&apos; is required by BeforeClass on method bc but has not been marked @Optional or defined
in C:\Users\LENOVO\eclipse-workspace\AdvanceSeleniumAutomationFrameworkDesign11AM\BatchExecutiontestng.xml
	at java.base/java.util.ArrayList.forEach(ArrayList.java:1511)
... Removed 22 stack frames</div></td></tr></table><p class="totop"><a href="#summary">back to summary</a></p>
<h3 id="m9">TestNG.DataProviderEx3#createOrganization</h3><table class="result"><tr><th>Exception</th></tr><tr><td><div class="stacktrace">java.lang.RuntimeException: java.lang.NullPointerException: Cannot invoke &quot;org.apache.poi.ss.usermodel.Sheet.getLastRowNum()&quot; because &quot;sheet&quot; is null
	at java.base/java.util.ArrayList.forEach(ArrayList.java:1511)
Caused by: java.lang.NullPointerException: Cannot invoke &quot;org.apache.poi.ss.usermodel.Sheet.getLastRowNum()&quot; because &quot;sheet&quot; is null
	at genericUtilities.Excel_Utility.readExcelDataForDataProvider(Excel_Utility.java:72)
	at TestNG.DataProviderEx3.readData(DataProviderEx3.java:48)
	... 25 more
... Removed 32 stack frames</div></td></tr></table><p class="totop"><a href="#summary">back to summary</a></p>
<h3 id="m10">TestNG.Sample3#deleteContact</h3><table class="result"><tr><th>Exception</th></tr><tr><td><div class="stacktrace">java.lang.Throwable: Method Sample3.deleteContact()[pri:0, instance:TestNG.Sample3@73e9cf30] depends on not successfully finished methods
	at java.base/java.util.ArrayList.forEach(ArrayList.java:1511)
... Removed 18 stack frames</div></td></tr></table><p class="totop"><a href="#summary">back to summary</a></p>
<h3 id="m11">TestNG.Sample3#modifyContact</h3><table class="result"><tr><th>Exception</th></tr><tr><td><div class="stacktrace">java.lang.Throwable: Method Sample3.modifyContact()[pri:0, instance:TestNG.Sample3@73e9cf30] depends on not successfully finished methods
	at java.base/java.util.ArrayList.forEach(ArrayList.java:1511)
... Removed 18 stack frames</div></td></tr></table><p class="totop"><a href="#summary">back to summary</a></p>
<h3 id="m12">DDT.FetchingDataFromPropertiesFile#Debanjan</h3><table class="result"><tr><th class="invisible"/></tr></table><p class="totop"><a href="#summary">back to summary</a></p>
<h3 id="m13">DDT.InsertDataIntoPropertiesFile#InsertData</h3><table class="result"><tr><th class="invisible"/></tr></table><p class="totop"><a href="#summary">back to summary</a></p>
<h3 id="m14">DDT.ReadingDataFromPropertiesFile#ReadingData</h3><table class="result"><tr><th class="invisible"/></tr></table><p class="totop"><a href="#summary">back to summary</a></p>
<h3 id="m15">TestNG.DataProviderEx1#bookTickets</h3><table class="result"><tr class="param"><th>Parameter #1</th><th>Parameter #2</th><th>Parameter #3</th></tr><tr class="param stripe"><td>Banglore</td><td>Goa</td><td>2</td></tr></table><p class="totop"><a href="#summary">back to summary</a></p>
<h3 id="m16">TestNG.DataProviderEx1#bookTickets</h3><table class="result"><tr class="param"><th>Parameter #1</th><th>Parameter #2</th><th>Parameter #3</th></tr><tr class="param stripe"><td>Banglore</td><td>mysore</td><td>3</td></tr></table><p class="totop"><a href="#summary">back to summary</a></p>
<h3 id="m17">TestNG.DataProviderEx1#bookTickets</h3><table class="result"><tr class="param"><th>Parameter #1</th><th>Parameter #2</th><th>Parameter #3</th></tr><tr class="param stripe"><td>Banglore</td><td>chennai</td><td>4</td></tr></table><p class="totop"><a href="#summary">back to summary</a></p>
<h3 id="m18">TestNG.DataProviderEx2#createOrganization</h3><table class="result"><tr class="param"><th>Parameter #1</th><th>Parameter #2</th><th>Parameter #3</th></tr><tr class="param stripe"><td>BBB129</td><td>986546455</td><td>mailto:hgd@gmail.com</td></tr></table><p class="totop"><a href="#summary">back to summary</a></p>
<h3 id="m19">TestNG.Sample1#createContact</h3><table class="result"><tr><th class="invisible"/></tr></table><p class="totop"><a href="#summary">back to summary</a></p>
<h3 id="m20">TestNG.Sample1#deleteContact</h3><table class="result"><tr><th class="invisible"/></tr></table><p class="totop"><a href="#summary">back to summary</a></p>
<h3 id="m21">TestNG.Sample1#modifyContact</h3><table class="result"><tr><th class="invisible"/></tr></table><p class="totop"><a href="#summary">back to summary</a></p>
<h3 id="m22">TestNG.Sample2#createContact</h3><table class="result"><tr><th class="invisible"/></tr></table><p class="totop"><a href="#summary">back to summary</a></p>
<h3 id="m23">TestNG.Sample2#deleteContact</h3><table class="result"><tr><th class="invisible"/></tr></table><p class="totop"><a href="#summary">back to summary</a></p>
<h3 id="m24">TestNG.Sample2#deleteContact</h3><table class="result"><tr><th class="invisible"/></tr></table><p class="totop"><a href="#summary">back to summary</a></p>
<h3 id="m25">TestNG.Sample2#modifyContact</h3><table class="result"><tr><th class="invisible"/></tr></table><p class="totop"><a href="#summary">back to summary</a></p>
<h3 id="m26">TestNG.Sample4#createContact</h3><table class="result"><tr><th class="invisible"/></tr></table><p class="totop"><a href="#summary">back to summary</a></p>
<h3 id="m27">TestNG.Sample4#deleteContact</h3><table class="result"><tr><th class="invisible"/></tr></table><p class="totop"><a href="#summary">back to summary</a></p>
<h3 id="m28">TestNG.Sample4#modifyContact</h3><table class="result"><tr><th class="invisible"/></tr></table><p class="totop"><a href="#summary">back to summary</a></p>
</body>
</html>
